[debug] [2019-02-07T23:28:33.836Z] ----------------------------------------------------------------------
[debug] [2019-02-07T23:28:33.840Z] Command:       C:\Program Files\nodejs\node.exe C:\Users\Main\AppData\Roaming\npm\node_modules\firebase-tools\lib\bin\firebase.js serve
[debug] [2019-02-07T23:28:33.840Z] CLI Version:   6.3.1
[debug] [2019-02-07T23:28:33.840Z] Platform:      win32
[debug] [2019-02-07T23:28:33.840Z] Node Version:  v8.11.2
[debug] [2019-02-07T23:28:33.843Z] Time:          Fri Feb 08 2019 00:28:33 GMT+0100 (Mitteleuropäische Zeit)
[debug] [2019-02-07T23:28:33.843Z] ----------------------------------------------------------------------
[debug] 
[debug] [2019-02-07T23:28:33.870Z] > command requires scopes: ["email","openid","https://www.googleapis.com/auth/cloudplatformprojects.readonly","https://www.googleapis.com/auth/firebase","https://www.googleapis.com/auth/cloud-platform"]
[debug] [2019-02-07T23:28:33.871Z] > authorizing via signed-in user
[debug] [2019-02-07T23:28:33.871Z] [iam] checking project mase-b262f for permissions ["firebase.projects.get"]
[debug] [2019-02-07T23:28:33.875Z] >>> HTTP REQUEST POST https://cloudresourcemanager.googleapis.com/v1/projects/mase-b262f:testIamPermissions  

[debug] [2019-02-07T23:28:34.638Z] <<< HTTP RESPONSE 200
[debug] [2019-02-07T23:28:34.642Z] >>> HTTP REQUEST GET https://cloudresourcemanager.googleapis.com/v1/projects/mase-b262f  
 
[debug] [2019-02-07T23:28:35.895Z] <<< HTTP RESPONSE 200
[info] 
[info] === Serving from 'C:\Users\Main\Desktop\77_google_bewertungen'...
[info] 
[info] i  functions: Preparing to emulate functions.
[debug] [2019-02-07T23:28:37.788Z] Fetching environment
[debug] [2019-02-07T23:28:37.792Z] >>> HTTP REQUEST GET https://mobilesdk-pa.googleapis.com/v1/projects/570681692489:getServerAppConfig  
 
[debug] [2019-02-07T23:28:37.792Z] >>> HTTP REQUEST GET https://mobilesdk-pa.googleapis.com/v1/projects/570681692489/clients/_:getWebAppConfig  
 
[debug] [2019-02-07T23:28:38.124Z] <<< HTTP RESPONSE 200
[debug] [2019-02-07T23:28:38.124Z] Starting @google-cloud/functions-emulator
[debug] [2019-02-07T23:28:38.248Z] <<< HTTP RESPONSE 200
[info] i  hosting: Serving hosting files from: vue/dist
[info] +  hosting: Local server: http://localhost:5000
[debug] [2019-02-07T23:28:41.679Z] Parsing function triggers
[info] +  functions: helloWorld: http://localhost:5001/mase-b262f/us-central1/helloWorld
